<?xml version="1.0" encoding="UTF-8"?>
<!-- Generated by org.testng.reporters.JUnitReportReporter -->
<testsuite hostname="DESKTOP-V2CRMJS" name="test.com.LoginPageTest" tests="2" failures="0" timestamp="2 Mar 2019 22:01:26 GMT" time="0.010" errors="0">
  <testcase name="testPassword" time="0.009" classname="test.com.LoginPageTest"/>
  <testcase name="testUsername" time="0.001" classname="test.com.LoginPageTest"/>
</testsuite> <!-- test.com.LoginPageTest -->
